<?xml version="1.0" encoding="UTF-8"?>
<!-- Generated by org.testng.reporters.JUnitReportReporter -->
<testsuite hostname="idea-PC" failures="0" tests="1" name="com.bluesky.test.smoke.SimpleUnitTest" time="27.932" errors="0" timestamp="06 Sep 2018 07:45:04 GMT" skipped="0">
  <testcase classname="com.bluesky.test.smoke.SimpleUnitTest" name="testApp" time="27.932"/>
</testsuite> <!-- com.bluesky.test.smoke.SimpleUnitTest -->
